<?xml version="1.0" encoding="UTF-8"?>
<!-- Generated by org.testng.reporters.JUnitReportReporter -->
<testsuite hostname="TSLC1205" failures="0" tests="1" name="com.trigent.test.VerifyPlanInformation" time="29.586" errors="0" timestamp="2 Jul 2019 05:47:29 GMT">
  <testcase classname="com.trigent.test.VerifyPlanInformation" name="planinfo" time="29.586"/>
</testsuite> <!-- com.trigent.test.VerifyPlanInformation -->
